This is pdfTeX, Version 3.1415926-2.5-1.40.14 (MiKTeX 2.9) (preloaded format=pdflatex 2015.7.12)  8 APR 2016 07:14
entering extended mode
**./latex_generator/report.tex

(C:\Users\Samuel\Desktop\Engr355\MDP_GIT_REPO\code\end_to_end\latex_generator\r
eport.tex
LaTeX2e <2011/06/27>
Babel <v3.8m> and hyphenation patterns for english, afrikaans, ancientgreek, ar
abic, armenian, assamese, basque, bengali, bokmal, bulgarian, catalan, coptic, 
croatian, czech, danish, dutch, esperanto, estonian, farsi, finnish, french, ga
lician, german, german-x-2013-05-26, greek, gujarati, hindi, hungarian, iceland
ic, indonesian, interlingua, irish, italian, kannada, kurmanji, latin, latvian,
 lithuanian, malayalam, marathi, mongolian, mongolianlmc, monogreek, ngerman, n
german-x-2013-05-26, nynorsk, oriya, panjabi, pinyin, polish, portuguese, roman
ian, russian, sanskrit, serbian, slovak, slovenian, spanish, swedish, swissgerm
an, tamil, telugu, turkish, turkmen, ukenglish, ukrainian, uppersorbian, usengl
ishmax, welsh, loaded.
("C:\Program Files (x86)\MikTex\tex\latex\base\article.cls"
Document Class: article 2007/10/19 v1.4h Standard LaTeX document class
("C:\Program Files (x86)\MikTex\tex\latex\base\size10.clo"
File: size10.clo 2007/10/19 v1.4h Standard LaTeX file (size option)
)
\c@part=\count79
\c@section=\count80
\c@subsection=\count81
\c@subsubsection=\count82
\c@paragraph=\count83
\c@subparagraph=\count84
\c@figure=\count85
\c@table=\count86
\abovecaptionskip=\skip41
\belowcaptionskip=\skip42
\bibindent=\dimen102
)
("C:\Program Files (x86)\MikTex\tex\latex\geometry\geometry.sty"
Package: geometry 2010/09/12 v5.6 Page Geometry

("C:\Program Files (x86)\MikTex\tex\latex\graphics\keyval.sty"
Package: keyval 1999/03/16 v1.13 key=value parser (DPC)
\KV@toks@=\toks14
)
("C:\Program Files (x86)\MikTex\tex\generic\oberdiek\ifpdf.sty"
Package: ifpdf 2011/01/30 v2.3 Provides the ifpdf switch (HO)
Package ifpdf Info: pdfTeX in PDF mode is detected.
)
("C:\Program Files (x86)\MikTex\tex\generic\oberdiek\ifvtex.sty"
Package: ifvtex 2010/03/01 v1.5 Detect VTeX and its facilities (HO)
Package ifvtex Info: VTeX not detected.
)
("C:\Program Files (x86)\MikTex\tex\generic\ifxetex\ifxetex.sty"
Package: ifxetex 2010/09/12 v0.6 Provides ifxetex conditional
)
\Gm@cnth=\count87
\Gm@cntv=\count88
\c@Gm@tempcnt=\count89
\Gm@bindingoffset=\dimen103
\Gm@wd@mp=\dimen104
\Gm@odd@mp=\dimen105
\Gm@even@mp=\dimen106
\Gm@layoutwidth=\dimen107
\Gm@layoutheight=\dimen108
\Gm@layouthoffset=\dimen109
\Gm@layoutvoffset=\dimen110
\Gm@dimlist=\toks15

("C:\Program Files (x86)\MikTex\tex\latex\geometry\geometry.cfg"))
("C:\Program Files (x86)\MikTex\tex\latex\amsmath\amsmath.sty"
Package: amsmath 2013/01/14 v2.14 AMS math features
\@mathmargin=\skip43

For additional information on amsmath, use the `?' option.
("C:\Program Files (x86)\MikTex\tex\latex\amsmath\amstext.sty"
Package: amstext 2000/06/29 v2.01

("C:\Program Files (x86)\MikTex\tex\latex\amsmath\amsgen.sty"
File: amsgen.sty 1999/11/30 v2.0
\@emptytoks=\toks16
\ex@=\dimen111
))
("C:\Program Files (x86)\MikTex\tex\latex\amsmath\amsbsy.sty"
Package: amsbsy 1999/11/29 v1.2d
\pmbraise@=\dimen112
)
("C:\Program Files (x86)\MikTex\tex\latex\amsmath\amsopn.sty"
Package: amsopn 1999/12/14 v2.01 operator names
)
\inf@bad=\count90
LaTeX Info: Redefining \frac on input line 210.
\uproot@=\count91
\leftroot@=\count92
LaTeX Info: Redefining \overline on input line 306.
\classnum@=\count93
\DOTSCASE@=\count94
LaTeX Info: Redefining \ldots on input line 378.
LaTeX Info: Redefining \dots on input line 381.
LaTeX Info: Redefining \cdots on input line 466.
\Mathstrutbox@=\box26
\strutbox@=\box27
\big@size=\dimen113
LaTeX Font Info:    Redeclaring font encoding OML on input line 566.
LaTeX Font Info:    Redeclaring font encoding OMS on input line 567.
\macc@depth=\count95
\c@MaxMatrixCols=\count96
\dotsspace@=\muskip10
\c@parentequation=\count97
\dspbrk@lvl=\count98
\tag@help=\toks17
\row@=\count99
\column@=\count100
\maxfields@=\count101
\andhelp@=\toks18
\eqnshift@=\dimen114
\alignsep@=\dimen115
\tagshift@=\dimen116
\tagwidth@=\dimen117
\totwidth@=\dimen118
\lineht@=\dimen119
\@envbody=\toks19
\multlinegap=\skip44
\multlinetaggap=\skip45
\mathdisplay@stack=\toks20
LaTeX Info: Redefining \[ on input line 2665.
LaTeX Info: Redefining \] on input line 2666.
)
("C:\Program Files (x86)\MikTex\tex\latex\pgfplots\pgfplots.sty"
("C:\Program Files (x86)\MikTex\tex\generic\pgfplots\pgfplots.revision.tex")
Package: pgfplots 2016/01/06 v1.13 Data Visualization (1.13)

("C:\Program Files (x86)\MikTex\tex\latex\pgf\frontendlayer\tikz.sty"
("C:\Program Files (x86)\MikTex\tex\latex\pgf\basiclayer\pgf.sty"
("C:\Program Files (x86)\MikTex\tex\latex\pgf\utilities\pgfrcs.sty"
("C:\Program Files (x86)\MikTex\tex\generic\pgf\utilities\pgfutil-common.tex"
\pgfutil@everybye=\toks21
\pgfutil@tempdima=\dimen120
\pgfutil@tempdimb=\dimen121

("C:\Program Files (x86)\MikTex\tex\generic\pgf\utilities\pgfutil-common-lists.
tex"))
("C:\Program Files (x86)\MikTex\tex\generic\pgf\utilities\pgfutil-latex.def"
\pgfutil@abb=\box28

("C:\Program Files (x86)\MikTex\tex\latex\ms\everyshi.sty"
Package: everyshi 2001/05/15 v3.00 EveryShipout Package (MS)
))
("C:\Program Files (x86)\MikTex\tex\generic\pgf\utilities\pgfrcs.code.tex"
Package: pgfrcs 2015/08/07 v3.0.1a (rcs-revision 1.31)
))
Package: pgf 2015/08/07 v3.0.1a (rcs-revision 1.15)

("C:\Program Files (x86)\MikTex\tex\latex\pgf\basiclayer\pgfcore.sty"
("C:\Program Files (x86)\MikTex\tex\latex\graphics\graphicx.sty"
Package: graphicx 1999/02/16 v1.0f Enhanced LaTeX Graphics (DPC,SPQR)

("C:\Program Files (x86)\MikTex\tex\latex\graphics\graphics.sty"
Package: graphics 2009/02/05 v1.0o Standard LaTeX Graphics (DPC,SPQR)

("C:\Program Files (x86)\MikTex\tex\latex\graphics\trig.sty"
Package: trig 1999/03/16 v1.09 sin cos tan (DPC)
)
("C:\Program Files (x86)\MikTex\tex\latex\00miktex\graphics.cfg"
File: graphics.cfg 2007/01/18 v1.5 graphics configuration of teTeX/TeXLive
)
Package graphics Info: Driver file: pdftex.def on input line 91.

("C:\Program Files (x86)\MikTex\tex\latex\pdftex-def\pdftex.def"
File: pdftex.def 2011/05/27 v0.06d Graphics/color for pdfTeX

("C:\Program Files (x86)\MikTex\tex\generic\oberdiek\infwarerr.sty"
Package: infwarerr 2010/04/08 v1.3 Providing info/warning/error messages (HO)
)
("C:\Program Files (x86)\MikTex\tex\generic\oberdiek\ltxcmds.sty"
Package: ltxcmds 2011/11/09 v1.22 LaTeX kernel commands for general use (HO)
)
\Gread@gobject=\count102
))
\Gin@req@height=\dimen122
\Gin@req@width=\dimen123
)
("C:\Program Files (x86)\MikTex\tex\latex\pgf\systemlayer\pgfsys.sty"
("C:\Program Files (x86)\MikTex\tex\generic\pgf\systemlayer\pgfsys.code.tex"
Package: pgfsys 2014/07/09 v3.0.1a (rcs-revision 1.48)

("C:\Program Files (x86)\MikTex\tex\generic\pgf\utilities\pgfkeys.code.tex"
\pgfkeys@pathtoks=\toks22
\pgfkeys@temptoks=\toks23

("C:\Program Files (x86)\MikTex\tex\generic\pgf\utilities\pgfkeysfiltered.code.
tex"
\pgfkeys@tmptoks=\toks24
))
\pgf@x=\dimen124
\pgf@y=\dimen125
\pgf@xa=\dimen126
\pgf@ya=\dimen127
\pgf@xb=\dimen128
\pgf@yb=\dimen129
\pgf@xc=\dimen130
\pgf@yc=\dimen131
\w@pgf@writea=\write3
\r@pgf@reada=\read1
\c@pgf@counta=\count103
\c@pgf@countb=\count104
\c@pgf@countc=\count105
\c@pgf@countd=\count106
\t@pgf@toka=\toks25
\t@pgf@tokb=\toks26
\t@pgf@tokc=\toks27
 ("C:\Program Files (x86)\MikTex\tex\generic\pgf\systemlayer\pgf.cfg"
File: pgf.cfg 2008/05/14  (rcs-revision 1.7)
)
Driver file for pgf: pgfsys-pdftex.def

("C:\Program Files (x86)\MikTex\tex\generic\pgf\systemlayer\pgfsys-pdftex.def"
File: pgfsys-pdftex.def 2014/10/11  (rcs-revision 1.35)

("C:\Program Files (x86)\MikTex\tex\generic\pgf\systemlayer\pgfsys-common-pdf.d
ef"
File: pgfsys-common-pdf.def 2013/10/10  (rcs-revision 1.13)
)))
("C:\Program Files (x86)\MikTex\tex\generic\pgf\systemlayer\pgfsyssoftpath.code
.tex"
File: pgfsyssoftpath.code.tex 2013/09/09  (rcs-revision 1.9)
\pgfsyssoftpath@smallbuffer@items=\count107
\pgfsyssoftpath@bigbuffer@items=\count108
)
("C:\Program Files (x86)\MikTex\tex\generic\pgf\systemlayer\pgfsysprotocol.code
.tex"
File: pgfsysprotocol.code.tex 2006/10/16  (rcs-revision 1.4)
)) ("C:\Program Files (x86)\MikTex\tex\latex\xcolor\xcolor.sty"
Package: xcolor 2007/01/21 v2.11 LaTeX color extensions (UK)

("C:\Program Files (x86)\MikTex\tex\latex\00miktex\color.cfg"
File: color.cfg 2007/01/18 v1.5 color configuration of teTeX/TeXLive
)
Package xcolor Info: Driver file: pdftex.def on input line 225.
Package xcolor Info: Model `cmy' substituted by `cmy0' on input line 1337.
Package xcolor Info: Model `hsb' substituted by `rgb' on input line 1341.
Package xcolor Info: Model `RGB' extended on input line 1353.
Package xcolor Info: Model `HTML' substituted by `rgb' on input line 1355.
Package xcolor Info: Model `Hsb' substituted by `hsb' on input line 1356.
Package xcolor Info: Model `tHsb' substituted by `hsb' on input line 1357.
Package xcolor Info: Model `HSB' substituted by `hsb' on input line 1358.
Package xcolor Info: Model `Gray' substituted by `gray' on input line 1359.
Package xcolor Info: Model `wave' substituted by `hsb' on input line 1360.
)
("C:\Program Files (x86)\MikTex\tex\generic\pgf\basiclayer\pgfcore.code.tex"
Package: pgfcore 2010/04/11 v3.0.1a (rcs-revision 1.7)

("C:\Program Files (x86)\MikTex\tex\generic\pgf\math\pgfmath.code.tex"
("C:\Program Files (x86)\MikTex\tex\generic\pgf\math\pgfmathcalc.code.tex"
("C:\Program Files (x86)\MikTex\tex\generic\pgf\math\pgfmathutil.code.tex")
("C:\Program Files (x86)\MikTex\tex\generic\pgf\math\pgfmathparser.code.tex"
\pgfmath@dimen=\dimen132
\pgfmath@count=\count109
\pgfmath@box=\box29
\pgfmath@toks=\toks28
\pgfmath@stack@operand=\toks29
\pgfmath@stack@operation=\toks30
)
("C:\Program Files (x86)\MikTex\tex\generic\pgf\math\pgfmathfunctions.code.tex"

("C:\Program Files (x86)\MikTex\tex\generic\pgf\math\pgfmathfunctions.basic.cod
e.tex")
("C:\Program Files (x86)\MikTex\tex\generic\pgf\math\pgfmathfunctions.trigonome
tric.code.tex")
("C:\Program Files (x86)\MikTex\tex\generic\pgf\math\pgfmathfunctions.random.co
de.tex")
("C:\Program Files (x86)\MikTex\tex\generic\pgf\math\pgfmathfunctions.compariso
n.code.tex")
("C:\Program Files (x86)\MikTex\tex\generic\pgf\math\pgfmathfunctions.base.code
.tex")
("C:\Program Files (x86)\MikTex\tex\generic\pgf\math\pgfmathfunctions.round.cod
e.tex")
("C:\Program Files (x86)\MikTex\tex\generic\pgf\math\pgfmathfunctions.misc.code
.tex")
("C:\Program Files (x86)\MikTex\tex\generic\pgf\math\pgfmathfunctions.integerar
ithmetics.code.tex")))
("C:\Program Files (x86)\MikTex\tex\generic\pgf\math\pgfmathfloat.code.tex"
\c@pgfmathroundto@lastzeros=\count110
))
("C:\Program Files (x86)\MikTex\tex\generic\pgf\basiclayer\pgfcorepoints.code.t
ex"
File: pgfcorepoints.code.tex 2013/10/07  (rcs-revision 1.27)
\pgf@picminx=\dimen133
\pgf@picmaxx=\dimen134
\pgf@picminy=\dimen135
\pgf@picmaxy=\dimen136
\pgf@pathminx=\dimen137
\pgf@pathmaxx=\dimen138
\pgf@pathminy=\dimen139
\pgf@pathmaxy=\dimen140
\pgf@xx=\dimen141
\pgf@xy=\dimen142
\pgf@yx=\dimen143
\pgf@yy=\dimen144
\pgf@zx=\dimen145
\pgf@zy=\dimen146
)
("C:\Program Files (x86)\MikTex\tex\generic\pgf\basiclayer\pgfcorepathconstruct
.code.tex"
File: pgfcorepathconstruct.code.tex 2013/10/07  (rcs-revision 1.29)
\pgf@path@lastx=\dimen147
\pgf@path@lasty=\dimen148
)
("C:\Program Files (x86)\MikTex\tex\generic\pgf\basiclayer\pgfcorepathusage.cod
e.tex"
File: pgfcorepathusage.code.tex 2014/11/02  (rcs-revision 1.24)
\pgf@shorten@end@additional=\dimen149
\pgf@shorten@start@additional=\dimen150
)
("C:\Program Files (x86)\MikTex\tex\generic\pgf\basiclayer\pgfcorescopes.code.t
ex"
File: pgfcorescopes.code.tex 2015/05/08  (rcs-revision 1.46)
\pgfpic=\box30
\pgf@hbox=\box31
\pgf@layerbox@main=\box32
\pgf@picture@serial@count=\count111
)
("C:\Program Files (x86)\MikTex\tex\generic\pgf\basiclayer\pgfcoregraphicstate.
code.tex"
File: pgfcoregraphicstate.code.tex 2014/11/02  (rcs-revision 1.12)
\pgflinewidth=\dimen151
)
("C:\Program Files (x86)\MikTex\tex\generic\pgf\basiclayer\pgfcoretransformatio
ns.code.tex"
File: pgfcoretransformations.code.tex 2015/08/07  (rcs-revision 1.20)
\pgf@pt@x=\dimen152
\pgf@pt@y=\dimen153
\pgf@pt@temp=\dimen154
)
("C:\Program Files (x86)\MikTex\tex\generic\pgf\basiclayer\pgfcorequick.code.te
x"
File: pgfcorequick.code.tex 2008/10/09  (rcs-revision 1.3)
)
("C:\Program Files (x86)\MikTex\tex\generic\pgf\basiclayer\pgfcoreobjects.code.
tex"
File: pgfcoreobjects.code.tex 2006/10/11  (rcs-revision 1.2)
)
("C:\Program Files (x86)\MikTex\tex\generic\pgf\basiclayer\pgfcorepathprocessin
g.code.tex"
File: pgfcorepathprocessing.code.tex 2013/09/09  (rcs-revision 1.9)
)
("C:\Program Files (x86)\MikTex\tex\generic\pgf\basiclayer\pgfcorearrows.code.t
ex"
File: pgfcorearrows.code.tex 2015/05/14  (rcs-revision 1.43)
\pgfarrowsep=\dimen155
)
("C:\Program Files (x86)\MikTex\tex\generic\pgf\basiclayer\pgfcoreshade.code.te
x"
File: pgfcoreshade.code.tex 2013/07/15  (rcs-revision 1.15)
\pgf@max=\dimen156
\pgf@sys@shading@range@num=\count112
)
("C:\Program Files (x86)\MikTex\tex\generic\pgf\basiclayer\pgfcoreimage.code.te
x"
File: pgfcoreimage.code.tex 2013/07/15  (rcs-revision 1.18)

("C:\Program Files (x86)\MikTex\tex\generic\pgf\basiclayer\pgfcoreexternal.code
.tex"
File: pgfcoreexternal.code.tex 2014/07/09  (rcs-revision 1.21)
\pgfexternal@startupbox=\box33
))
("C:\Program Files (x86)\MikTex\tex\generic\pgf\basiclayer\pgfcorelayers.code.t
ex"
File: pgfcorelayers.code.tex 2013/07/18  (rcs-revision 1.7)
)
("C:\Program Files (x86)\MikTex\tex\generic\pgf\basiclayer\pgfcoretransparency.
code.tex"
File: pgfcoretransparency.code.tex 2013/09/30  (rcs-revision 1.5)
)
("C:\Program Files (x86)\MikTex\tex\generic\pgf\basiclayer\pgfcorepatterns.code
.tex"
File: pgfcorepatterns.code.tex 2013/11/07  (rcs-revision 1.5)
)))
("C:\Program Files (x86)\MikTex\tex\generic\pgf\modules\pgfmoduleshapes.code.te
x"
File: pgfmoduleshapes.code.tex 2014/03/21  (rcs-revision 1.35)
\pgfnodeparttextbox=\box34
)
("C:\Program Files (x86)\MikTex\tex\generic\pgf\modules\pgfmoduleplot.code.tex"
File: pgfmoduleplot.code.tex 2015/08/03  (rcs-revision 1.13)
)
("C:\Program Files (x86)\MikTex\tex\latex\pgf\compatibility\pgfcomp-version-0-6
5.sty"
Package: pgfcomp-version-0-65 2007/07/03 v3.0.1a (rcs-revision 1.7)
\pgf@nodesepstart=\dimen157
\pgf@nodesepend=\dimen158
)
("C:\Program Files (x86)\MikTex\tex\latex\pgf\compatibility\pgfcomp-version-1-1
8.sty"
Package: pgfcomp-version-1-18 2007/07/23 v3.0.1a (rcs-revision 1.1)
)) ("C:\Program Files (x86)\MikTex\tex\latex\pgf\utilities\pgffor.sty"
("C:\Program Files (x86)\MikTex\tex\latex\pgf\utilities\pgfkeys.sty"
("C:\Program Files (x86)\MikTex\tex\generic\pgf\utilities\pgfkeys.code.tex"))
("C:\Program Files (x86)\MikTex\tex\latex\pgf\math\pgfmath.sty"
("C:\Program Files (x86)\MikTex\tex\generic\pgf\math\pgfmath.code.tex"))
("C:\Program Files (x86)\MikTex\tex\generic\pgf\utilities\pgffor.code.tex"
Package: pgffor 2013/12/13 v3.0.1a (rcs-revision 1.25)

("C:\Program Files (x86)\MikTex\tex\generic\pgf\math\pgfmath.code.tex")
\pgffor@iter=\dimen159
\pgffor@skip=\dimen160
\pgffor@stack=\toks31
\pgffor@toks=\toks32
))
("C:\Program Files (x86)\MikTex\tex\generic\pgf\frontendlayer\tikz\tikz.code.te
x"
Package: tikz 2015/08/07 v3.0.1a (rcs-revision 1.151)

("C:\Program Files (x86)\MikTex\tex\generic\pgf\libraries\pgflibraryplothandler
s.code.tex"
File: pgflibraryplothandlers.code.tex 2013/08/31 v3.0.1a (rcs-revision 1.20)
\pgf@plot@mark@count=\count113
\pgfplotmarksize=\dimen161
)
\tikz@lastx=\dimen162
\tikz@lasty=\dimen163
\tikz@lastxsaved=\dimen164
\tikz@lastysaved=\dimen165
\tikzleveldistance=\dimen166
\tikzsiblingdistance=\dimen167
\tikz@figbox=\box35
\tikz@figbox@bg=\box36
\tikz@tempbox=\box37
\tikz@tempbox@bg=\box38
\tikztreelevel=\count114
\tikznumberofchildren=\count115
\tikznumberofcurrentchild=\count116
\tikz@fig@count=\count117

("C:\Program Files (x86)\MikTex\tex\generic\pgf\modules\pgfmodulematrix.code.te
x"
File: pgfmodulematrix.code.tex 2013/09/17  (rcs-revision 1.8)
\pgfmatrixcurrentrow=\count118
\pgfmatrixcurrentcolumn=\count119
\pgf@matrix@numberofcolumns=\count120
)
\tikz@expandcount=\count121

("C:\Program Files (x86)\MikTex\tex\generic\pgf\frontendlayer\tikz\libraries\ti
kzlibrarytopaths.code.tex"
File: tikzlibrarytopaths.code.tex 2008/06/17 v3.0.1a (rcs-revision 1.2)
)))
("C:\Program Files (x86)\MikTex\tex\generic\pgfplots\pgfplots.code.tex"
("C:\Program Files (x86)\MikTex\tex\generic\pgfplots\pgfplotscore.code.tex"
\t@pgfplots@toka=\toks33
\t@pgfplots@tokb=\toks34
\t@pgfplots@tokc=\toks35
\pgfplots@tmpa=\dimen168
\c@pgfplots@coordindex=\count122
\c@pgfplots@scanlineindex=\count123

("C:\Program Files (x86)\MikTex\tex\generic\pgfplots\sys\pgfplotssysgeneric.cod
e.tex"))
("C:\Program Files (x86)\MikTex\tex\generic\pgfplots\libs\pgfplotslibrary.code.
tex")
("C:\Program Files (x86)\MikTex\tex\generic\pgfplots\oldpgfcompatib\pgfplotsold
pgfsupp_loader.code.tex"
("C:\Program Files (x86)\MikTex\tex\generic\pgf\libraries\pgflibraryfpu.code.te
x")
Package pgfplots: loading complementary arithmetics for your pgf version...

("C:\Program Files (x86)\MikTex\tex\generic\pgfplots\oldpgfcompatib\pgfplotsold
pgfsupp_pgflibraryfpu.code.tex")
("C:\Program Files (x86)\MikTex\tex\generic\pgfplots\oldpgfcompatib\pgfplotsold
pgfsupp_pgfmathfloat.code.tex"
\c@pgfmathroundto@lastzeros=\count124
))
("C:\Program Files (x86)\MikTex\tex\generic\pgfplots\util\pgfplotsutil.code.tex
"
("C:\Program Files (x86)\MikTex\tex\generic\pgfplots\liststructure\pgfplotslist
structure.code.tex")
("C:\Program Files (x86)\MikTex\tex\generic\pgfplots\liststructure\pgfplotslist
structureext.code.tex")
("C:\Program Files (x86)\MikTex\tex\generic\pgfplots\liststructure\pgfplotsarra
y.code.tex"
\c@pgfplotsarray@tmp=\count125
)
("C:\Program Files (x86)\MikTex\tex\generic\pgfplots\liststructure\pgfplotsmatr
ix.code.tex")
("C:\Program Files (x86)\MikTex\tex\generic\pgfplots\numtable\pgfplotstableshar
ed.code.tex"
\c@pgfplotstable@counta=\count126
\t@pgfplotstable@a=\toks36
)
("C:\Program Files (x86)\MikTex\tex\generic\pgfplots\liststructure\pgfplotsdequ
e.code.tex")
("C:\Program Files (x86)\MikTex\tex\generic\pgfplots\util\pgfplotsbinary.code.t
ex"
("C:\Program Files (x86)\MikTex\tex\generic\pgfplots\util\pgfplotsbinary.data.c
ode.tex"))
("C:\Program Files (x86)\MikTex\tex\generic\pgfplots\util\pgfplotsutil.verb.cod
e.tex")
("C:\Program Files (x86)\MikTex\tex\generic\pgfplots\libs\pgflibrarypgfplots.su
rfshading.code.tex"
\c@pgfplotslibrarysurf@no=\count127

("C:\Program Files (x86)\MikTex\tex\generic\pgfplots\sys\pgflibrarypgfplots.sur
fshading.pgfsys-pdftex.def")))
("C:\Program Files (x86)\MikTex\tex\generic\pgfplots\util\pgfplotscolormap.code
.tex"
("C:\Program Files (x86)\MikTex\tex\generic\pgfplots\util\pgfplotscolor.code.te
x"))
("C:\Program Files (x86)\MikTex\tex\generic\pgfplots\pgfplotsstackedplots.code.
tex")
("C:\Program Files (x86)\MikTex\tex\generic\pgfplots\pgfplotsplothandlers.code.
tex"
("C:\Program Files (x86)\MikTex\tex\generic\pgfplots\pgfplotsmeshplothandler.co
de.tex"
("C:\Program Files (x86)\MikTex\tex\generic\pgfplots\pgfplotsmeshplotimage.code
.tex")))
("C:\Program Files (x86)\MikTex\tex\generic\pgfplots\pgfplots.scaling.code.tex"
)
("C:\Program Files (x86)\MikTex\tex\generic\pgfplots\pgfplotscoordprocessing.co
de.tex")
("C:\Program Files (x86)\MikTex\tex\generic\pgfplots\pgfplots.errorbars.code.te
x")
("C:\Program Files (x86)\MikTex\tex\generic\pgfplots\pgfplots.markers.code.tex"
) ("C:\Program Files (x86)\MikTex\tex\generic\pgfplots\pgfplotsticks.code.tex")
("C:\Program Files (x86)\MikTex\tex\generic\pgfplots\pgfplots.paths.code.tex")
("C:\Program Files (x86)\MikTex\tex\generic\pgf\frontendlayer\tikz\libraries\ti
kzlibrarydecorations.code.tex"
("C:\Program Files (x86)\MikTex\tex\generic\pgf\modules\pgfmoduledecorations.co
de.tex"
\pgfdecoratedcompleteddistance=\dimen169
\pgfdecoratedremainingdistance=\dimen170
\pgfdecoratedinputsegmentcompleteddistance=\dimen171
\pgfdecoratedinputsegmentremainingdistance=\dimen172
\pgf@decorate@distancetomove=\dimen173
\pgf@decorate@repeatstate=\count128
\pgfdecorationsegmentamplitude=\dimen174
\pgfdecorationsegmentlength=\dimen175
)
\tikz@lib@dec@box=\box39
)
("C:\Program Files (x86)\MikTex\tex\generic\pgf\frontendlayer\tikz\libraries\ti
kzlibrarydecorations.pathmorphing.code.tex"
("C:\Program Files (x86)\MikTex\tex\generic\pgf\libraries\decorations\pgflibrar
ydecorations.pathmorphing.code.tex"))
("C:\Program Files (x86)\MikTex\tex\generic\pgf\frontendlayer\tikz\libraries\ti
kzlibrarydecorations.pathreplacing.code.tex"
("C:\Program Files (x86)\MikTex\tex\generic\pgf\libraries\decorations\pgflibrar
ydecorations.pathreplacing.code.tex"))
\pgfplots@numplots=\count129
\pgfplots@xmin@reg=\dimen176
\pgfplots@xmax@reg=\dimen177
\pgfplots@ymin@reg=\dimen178
\pgfplots@ymax@reg=\dimen179
\pgfplots@zmin@reg=\dimen180
\pgfplots@zmax@reg=\dimen181
)
("C:\Program Files (x86)\MikTex\tex\generic\pgf\frontendlayer\tikz\libraries\ti
kzlibraryplotmarks.code.tex"
File: tikzlibraryplotmarks.code.tex 2008/01/09 v3.0.1a (rcs-revision 1.1)

("C:\Program Files (x86)\MikTex\tex\generic\pgf\libraries\pgflibraryplotmarks.c
ode.tex"
File: pgflibraryplotmarks.code.tex 2015/08/03 v3.0.1a (rcs-revision 1.14)
))) ("C:\Program Files (x86)\MikTex\tex\latex\amsfonts\amsfonts.sty"
Package: amsfonts 2013/01/14 v3.01 Basic AMSFonts support
\symAMSa=\mathgroup4
\symAMSb=\mathgroup5
LaTeX Font Info:    Overwriting math alphabet `\mathfrak' in version `bold'
(Font)                  U/euf/m/n --> U/euf/b/n on input line 106.
)
("C:\Program Files (x86)\MikTex\tex\latex\multirow\multirow.sty"
\bigstrutjot=\dimen182
)
("C:\Program Files (x86)\MikTex\tex\latex\caption\caption.sty"
Package: caption 2016/02/21 v3.3-144 Customizing captions (AR)

("C:\Program Files (x86)\MikTex\tex\latex\caption\caption3.sty"
Package: caption3 2016/02/04 v1.7-139 caption3 kernel (AR)
Package caption3 Info: TeX engine: e-TeX on input line 67.
\captionmargin=\dimen183
\captionmargin@=\dimen184
\captionwidth=\dimen185
\caption@tempdima=\dimen186
\caption@indent=\dimen187
\caption@parindent=\dimen188
\caption@hangindent=\dimen189
)
\c@ContinuedFloat=\count130
)
("C:\Program Files (x86)\MikTex\tex\latex\caption\subcaption.sty"
Package: subcaption 2016/02/20 v1.1-142 Sub-captions (AR)
\c@subfigure=\count131
\c@subtable=\count132
)
("C:\Program Files (x86)\MikTex\tex\latex\oberdiek\grffile.sty"
Package: grffile 2012/04/05 v1.16 Extended file name support for graphics (HO)

("C:\Program Files (x86)\MikTex\tex\latex\oberdiek\kvoptions.sty"
Package: kvoptions 2011/06/30 v3.11 Key value format for package options (HO)

("C:\Program Files (x86)\MikTex\tex\generic\oberdiek\kvsetkeys.sty"
Package: kvsetkeys 2012/04/25 v1.16 Key value parser (HO)

("C:\Program Files (x86)\MikTex\tex\generic\oberdiek\etexcmds.sty"
Package: etexcmds 2011/02/16 v1.5 Avoid name clashes with e-TeX commands (HO)

("C:\Program Files (x86)\MikTex\tex\generic\oberdiek\ifluatex.sty"
Package: ifluatex 2010/03/01 v1.3 Provides the ifluatex switch (HO)
Package ifluatex Info: LuaTeX not detected.
)
Package etexcmds Info: Could not find \expanded.
(etexcmds)             That can mean that you are not using pdfTeX 1.50 or
(etexcmds)             that some package has redefined \expanded.
(etexcmds)             In the latter case, load this package earlier.
)))
("C:\Program Files (x86)\MikTex\tex\generic\oberdiek\pdftexcmds.sty"
Package: pdftexcmds 2011/11/29 v0.20 Utility functions of pdfTeX for LuaTeX (HO
)
Package pdftexcmds Info: LuaTeX not detected.
Package pdftexcmds Info: \pdf@primitive is available.
Package pdftexcmds Info: \pdf@ifprimitive is available.
Package pdftexcmds Info: \pdfdraftmode found.
)
Package grffile Info: Option `multidot' is set to `true'.
Package grffile Info: Option `extendedchars' is set to `false'.
Package grffile Info: Option `space' is set to `true'.
Package grffile Info: \Gin@ii of package `graphicx' fixed on input line 486.
)
(C:\Users\Samuel\Desktop\Engr355\MDP_GIT_REPO\code\end_to_end\report.aux

LaTeX Warning: Label `fig:sub1' multiply defined.


LaTeX Warning: Label `sub@fig:sub1' multiply defined.


LaTeX Warning: Label `fig:sub2' multiply defined.


LaTeX Warning: Label `sub@fig:sub2' multiply defined.


LaTeX Warning: Label `fig:test' multiply defined.


LaTeX Warning: Label `fig:sub1' multiply defined.


LaTeX Warning: Label `sub@fig:sub1' multiply defined.


LaTeX Warning: Label `fig:sub2' multiply defined.


LaTeX Warning: Label `sub@fig:sub2' multiply defined.


LaTeX Warning: Label `fig:test' multiply defined.


LaTeX Warning: Label `fig:sub1' multiply defined.


LaTeX Warning: Label `sub@fig:sub1' multiply defined.


LaTeX Warning: Label `fig:sub2' multiply defined.


LaTeX Warning: Label `sub@fig:sub2' multiply defined.


LaTeX Warning: Label `fig:test' multiply defined.


LaTeX Warning: Label `fig:sub1' multiply defined.


LaTeX Warning: Label `sub@fig:sub1' multiply defined.


LaTeX Warning: Label `fig:sub2' multiply defined.


LaTeX Warning: Label `sub@fig:sub2' multiply defined.


LaTeX Warning: Label `fig:test' multiply defined.


LaTeX Warning: Label `fig:sub1' multiply defined.


LaTeX Warning: Label `sub@fig:sub1' multiply defined.


LaTeX Warning: Label `fig:sub2' multiply defined.


LaTeX Warning: Label `sub@fig:sub2' multiply defined.


LaTeX Warning: Label `fig:test' multiply defined.

)
LaTeX Font Info:    Checking defaults for OML/cmm/m/it on input line 11.
LaTeX Font Info:    ... okay on input line 11.
LaTeX Font Info:    Checking defaults for T1/cmr/m/n on input line 11.
LaTeX Font Info:    ... okay on input line 11.
LaTeX Font Info:    Checking defaults for OT1/cmr/m/n on input line 11.
LaTeX Font Info:    ... okay on input line 11.
LaTeX Font Info:    Checking defaults for OMS/cmsy/m/n on input line 11.
LaTeX Font Info:    ... okay on input line 11.
LaTeX Font Info:    Checking defaults for OMX/cmex/m/n on input line 11.
LaTeX Font Info:    ... okay on input line 11.
LaTeX Font Info:    Checking defaults for U/cmr/m/n on input line 11.
LaTeX Font Info:    ... okay on input line 11.

*geometry* driver: auto-detecting
*geometry* detected driver: pdftex
*geometry* verbose mode - [ preamble ] result:
* driver: pdftex
* paper: a4paper
* layout: <same size as paper>
* layoutoffset:(h,v)=(0.0pt,0.0pt)
* modes: 
* h-part:(L,W,R)=(72.26999pt, 452.9679pt, 72.26999pt)
* v-part:(T,H,B)=(72.26999pt, 700.50687pt, 72.26999pt)
* \paperwidth=597.50787pt
* \paperheight=845.04684pt
* \textwidth=452.9679pt
* \textheight=700.50687pt
* \oddsidemargin=0.0pt
* \evensidemargin=0.0pt
* \topmargin=-37.0pt
* \headheight=12.0pt
* \headsep=25.0pt
* \topskip=10.0pt
* \footskip=30.0pt
* \marginparwidth=57.0pt
* \marginparsep=11.0pt
* \columnsep=10.0pt
* \skip\footins=9.0pt plus 4.0pt minus 2.0pt
* \hoffset=0.0pt
* \voffset=0.0pt
* \mag=1000
* \@twocolumnfalse
* \@twosidefalse
* \@mparswitchfalse
* \@reversemarginfalse
* (1in=72.27pt=25.4mm, 1cm=28.453pt)

ABD: EveryShipout initializing macros
("C:\Program Files (x86)\MikTex\tex\context\base\supp-pdf.mkii"
[Loading MPS to PDF converter (version 2006.09.02).]
\scratchcounter=\count133
\scratchdimen=\dimen190
\scratchbox=\box40
\nofMPsegments=\count134
\nofMParguments=\count135
\everyMPshowfont=\toks37
\MPscratchCnt=\count136
\MPscratchDim=\dimen191
\MPnumerator=\count137
\makeMPintoPDFobject=\count138
\everyMPtoPDFconversion=\toks38
)

Package pgfplots Warning: running in backwards compatibility mode (unsuitable t
ick labels; missing features). Consider writing \pgfplotsset{compat=1.13} into 
your preamble.
 on input line 11.

Package caption Info: Begin \AtBeginDocument code.
Package caption Info: End \AtBeginDocument code.
LaTeX Font Info:    Try loading font information for U+msa on input line 13.
("C:\Program Files (x86)\MikTex\tex\latex\amsfonts\umsa.fd"
File: umsa.fd 2013/01/14 v3.01 AMS symbols A
)
LaTeX Font Info:    Try loading font information for U+msb on input line 13.

("C:\Program Files (x86)\MikTex\tex\latex\amsfonts\umsb.fd"
File: umsb.fd 2013/01/14 v3.01 AMS symbols B
)

LaTeX Warning: No \author given.

<performance.png, id=4, 578.16pt x 433.62pt>
File: performance.png Graphic file (type png)
 <use performance.png>
Package pdftex.def Info: performance.png used on input line 34.
(pdftex.def)             Requested size: 426.79134pt x 320.09303pt.
 [1

{C:/Users/Samuel/AppData/Local/MiKTeX/2.9/pdftex/config/pdftex.map} <C:/Users/S
amuel/Desktop/Engr355/MDP_GIT_REPO/code/end_to_end/performance.png>] [2]
<textblocksBS.py.best.png, id=18, 578.16pt x 433.62pt>
File: textblocksBS.py.best.png Graphic file (type png)

<use textblocksBS.py.best.png>
Package pdftex.def Info: textblocksBS.py.best.png used on input line 100.
(pdftex.def)             Requested size: 284.52756pt x 213.39536pt.

Overfull \hbox (58.04361pt too wide) in paragraph at lines 100--101
 [][] 
 []

<textblocksBS.py.gt.best.png, id=19, 578.16pt x 433.62pt>
File: textblocksBS.py.gt.best.png Graphic file (type png)

<use textblocksBS.py.gt.best.png>
Package pdftex.def Info: textblocksBS.py.gt.best.png used on input line 107.
(pdftex.def)             Requested size: 284.52756pt x 213.39536pt.

Overfull \hbox (58.04361pt too wide) in paragraph at lines 107--108
 [][] 
 []

<textblocksBS.py.worst.png, id=20, 578.16pt x 433.62pt>
File: textblocksBS.py.worst.png Graphic file (type png)

<use textblocksBS.py.worst.png>
Package pdftex.def Info: textblocksBS.py.worst.png used on input line 121.
(pdftex.def)             Requested size: 284.52756pt x 213.39536pt.

Overfull \hbox (58.04361pt too wide) in paragraph at lines 121--122
 [][] 
 []

<textblocksBS.py.gt.worst.png, id=21, 578.16pt x 433.62pt>
File: textblocksBS.py.gt.worst.png Graphic file (type png)

<use textblocksBS.py.gt.worst.png>
Package pdftex.def Info: textblocksBS.py.gt.worst.png used on input line 128.
(pdftex.def)             Requested size: 284.52756pt x 213.39536pt.

Overfull \hbox (58.04361pt too wide) in paragraph at lines 128--129
 [][] 
 []

<VerticalDominance0.py.best.png, id=22, 578.16pt x 433.62pt>
File: VerticalDominance0.py.best.png Graphic file (type png)

<use VerticalDominance0.py.best.png>
Package pdftex.def Info: VerticalDominance0.py.best.png used on input line 142.

(pdftex.def)             Requested size: 284.52756pt x 213.39536pt.

Overfull \hbox (58.04361pt too wide) in paragraph at lines 142--143
 [][] 
 []

<VerticalDominance0.py.gt.best.png, id=23, 578.16pt x 433.62pt>
File: VerticalDominance0.py.gt.best.png Graphic file (type png)

<use VerticalDominance0.py.gt.best.png>
Package pdftex.def Info: VerticalDominance0.py.gt.best.png used on input line 1
49.
(pdftex.def)             Requested size: 284.52756pt x 213.39536pt.

Overfull \hbox (58.04361pt too wide) in paragraph at lines 149--150
 [][] 
 []

<VerticalDominance0.py.worst.png, id=24, 578.16pt x 433.62pt>
File: VerticalDominance0.py.worst.png Graphic file (type png)

<use VerticalDominance0.py.worst.png>
Package pdftex.def Info: VerticalDominance0.py.worst.png used on input line 163
.
(pdftex.def)             Requested size: 284.52756pt x 213.39536pt.

Overfull \hbox (58.04361pt too wide) in paragraph at lines 163--164
 [][] 
 []

<VerticalDominance0.py.gt.worst.png, id=25, 578.16pt x 433.62pt>
File: VerticalDominance0.py.gt.worst.png Graphic file (type png)

<use VerticalDominance0.py.gt.worst.png>
Package pdftex.def Info: VerticalDominance0.py.gt.worst.png used on input line 
170.
(pdftex.def)             Requested size: 284.52756pt x 213.39536pt.

Overfull \hbox (58.04361pt too wide) in paragraph at lines 170--171
 [][] 
 []

<VerticalDominance1.py.best.png, id=26, 578.16pt x 433.62pt>
File: VerticalDominance1.py.best.png Graphic file (type png)

<use VerticalDominance1.py.best.png>
Package pdftex.def Info: VerticalDominance1.py.best.png used on input line 184.

(pdftex.def)             Requested size: 284.52756pt x 213.39536pt.

Overfull \hbox (58.04361pt too wide) in paragraph at lines 184--185
 [][] 
 []

<VerticalDominance1.py.gt.best.png, id=27, 578.16pt x 433.62pt>
File: VerticalDominance1.py.gt.best.png Graphic file (type png)

<use VerticalDominance1.py.gt.best.png>
Package pdftex.def Info: VerticalDominance1.py.gt.best.png used on input line 1
91.
(pdftex.def)             Requested size: 284.52756pt x 213.39536pt.

Overfull \hbox (58.04361pt too wide) in paragraph at lines 191--192
 [][] 
 []

<VerticalDominance1.py.worst.png, id=28, 578.16pt x 433.62pt>
File: VerticalDominance1.py.worst.png Graphic file (type png)

<use VerticalDominance1.py.worst.png>
Package pdftex.def Info: VerticalDominance1.py.worst.png used on input line 205
.
(pdftex.def)             Requested size: 284.52756pt x 213.39536pt.

Overfull \hbox (58.04361pt too wide) in paragraph at lines 205--206
 [][] 
 []

<VerticalDominance1.py.gt.worst.png, id=29, 578.16pt x 433.62pt>
File: VerticalDominance1.py.gt.worst.png Graphic file (type png)

<use VerticalDominance1.py.gt.worst.png>
Package pdftex.def Info: VerticalDominance1.py.gt.worst.png used on input line 
212.
(pdftex.def)             Requested size: 284.52756pt x 213.39536pt.

Overfull \hbox (58.04361pt too wide) in paragraph at lines 212--213
 [][] 
 []

[3 <C:/Users/Samuel/Desktop/Engr355/MDP_GIT_REPO/code/end_to_end/textblocksBS.p
y.best.png> <C:/Users/Samuel/Desktop/Engr355/MDP_GIT_REPO/code/end_to_end/textb
locksBS.py.gt.best.png> <C:/Users/Samuel/Desktop/Engr355/MDP_GIT_REPO/code/end_
to_end/textblocksBS.py.worst.png> <C:/Users/Samuel/Desktop/Engr355/MDP_GIT_REPO
/code/end_to_end/textblocksBS.py.gt.worst.png>] [4 <C:/Users/Samuel/Desktop/Eng
r355/MDP_GIT_REPO/code/end_to_end/VerticalDominance0.py.best.png> <C:/Users/Sam
uel/Desktop/Engr355/MDP_GIT_REPO/code/end_to_end/VerticalDominance0.py.gt.best.
png> <C:/Users/Samuel/Desktop/Engr355/MDP_GIT_REPO/code/end_to_end/VerticalDomi
nance0.py.worst.png> <C:/Users/Samuel/Desktop/Engr355/MDP_GIT_REPO/code/end_to_
end/VerticalDominance0.py.gt.worst.png>] [5 <C:/Users/Samuel/Desktop/Engr355/MD
P_GIT_REPO/code/end_to_end/VerticalDominance1.py.best.png> <C:/Users/Samuel/Des
ktop/Engr355/MDP_GIT_REPO/code/end_to_end/VerticalDominance1.py.gt.best.png> <C
:/Users/Samuel/Desktop/Engr355/MDP_GIT_REPO/code/end_to_end/VerticalDominance1.
py.worst.png> <C:/Users/Samuel/Desktop/Engr355/MDP_GIT_REPO/code/end_to_end/Ver
ticalDominance1.py.gt.worst.png>]
(C:\Users\Samuel\Desktop\Engr355\MDP_GIT_REPO\code\end_to_end\report.aux)

LaTeX Warning: There were multiply-defined labels.

 ) 
Here is how much of TeX's memory you used:
 22917 strings out of 493921
 580662 string characters out of 3146477
 747218 words of memory out of 3000000
 25827 multiletter control sequences out of 15000+200000
 11494 words of font info for 45 fonts, out of 3000000 for 9000
 841 hyphenation exceptions out of 8191
 62i,8n,77p,742b,609s stack positions out of 5000i,500n,10000p,200000b,50000s
<C:/Program Files (x86)/MikTex/fonts/type1/public/amsfonts/cm/cmbx12.pfb><C:/
Program Files (x86)/MikTex/fonts/type1/public/amsfonts/cm/cmr10.pfb><C:/Program
 Files (x86)/MikTex/fonts/type1/public/amsfonts/cm/cmr12.pfb><C:/Program Files 
(x86)/MikTex/fonts/type1/public/amsfonts/cm/cmr17.pfb><C:/Program Files (x86)/M
ikTex/fonts/type1/public/amsfonts/cm/cmr9.pfb>
Output written on report.pdf (5 pages, 2729029 bytes).
PDF statistics:
 68 PDF objects out of 1000 (max. 8388607)
 0 named destinations out of 1000 (max. 500000)
 78 words of extra memory for PDF output out of 10000 (max. 10000000)

